Testsuite: comp207p.target.ConstantVariableFoldingTest
Tests run: 4, Failures: 2, Errors: 0, Skipped: 0, Time elapsed: 0.019 sec

Testcase: testMethodThree took 0 sec
Testcase: testMethodFour took 0 sec
Testcase: testMethodOne took 0.002 sec
	FAILED
expected:<3650> but was:<62>
junit.framework.AssertionFailedError: expected:<3650> but was:<62>
	at comp207p.target.ConstantVariableFoldingTest.testMethodOne(Unknown Source)

Testcase: testMethodTwo took 0.002 sec
	FAILED
expected:<1.67> but was:<1.0>
junit.framework.AssertionFailedError: expected:<1.67> but was:<1.0>
	at comp207p.target.ConstantVariableFoldingTest.testMethodTwo(Unknown Source)

